<?xml version="1.0" encoding="UTF-8"?>
<!-- Generated by org.testng.reporters.JUnitReportReporter -->
<testsuite hostname="LAPTOP-N5CEF6FS" failures="0" tests="3" name="hotelbookingtests.BookingTests" time="7.067" errors="0" timestamp="2023-07-15T13:55:51 IST" skipped="0">
  <testcase classname="hotelbookingtests.BookingTests" name="postbooking" time="2.576"/>
  <system-out/>
  <testcase classname="hotelbookingtests.BookingTests" name="partialUpdateBooking" time="2.273"/>
  <system-out/>
  <testcase classname="hotelbookingtests.BookingTests" name="deleteBooking" time="2.218"/>
  <system-out/>
</testsuite> <!-- hotelbookingtests.BookingTests -->
